<?xml version='1.1' encoding='UTF-8'?>
<result plugin="junit@1.31">
  <suites>
    <suite>
      <file>/var/jenkins_home/workspace/MavenProject/target/surefire-reports/TEST-TestSuite.xml</file>
      <name>TestSuite</name>
      <duration>0.889</duration>
      <time>0.889</time>
      <enclosingBlocks/>
      <enclosingBlockNames/>
      <cases>
        <case>
          <duration>0.677</duration>
          <className>com.qa.TestPages.LoginpageTest</className>
          <testName>setup</testName>
          <skipped>false</skipped>
          <errorStackTrace>java.lang.NullPointerException
	at com.qa.TestPages.LoginpageTest.setup(LoginpageTest.java:23)
</errorStackTrace>
          <stderr>java.io.FileNotFoundException: /var/jenkins_home/workspace/MavenProject\src\main\java\com\qa\Config\Config.properties (No such file or directory)
	at java.io.FileInputStream.open0(Native Method)
	at java.io.FileInputStream.open(FileInputStream.java:195)
	at java.io.FileInputStream.&lt;init&gt;(FileInputStream.java:138)
	at java.io.FileInputStream.&lt;init&gt;(FileInputStream.java:93)
	at com.qa.TestBase.TestBase.&lt;init&gt;(TestBase.java:21)
	at com.qa.TestPages.LoginpageTest.&lt;init&gt;(LoginpageTest.java:16)
	at sun.reflect.NativeConstructorAccessorImpl.newInstance0(Native Method)
	at sun.reflect.NativeConstructorAccessorImpl.newInstance(NativeConstructorAccessorImpl.java:62)
	at sun.reflect.DelegatingConstructorAccessorImpl.newInstance(DelegatingConstructorAccessorImpl.java:45)
	at java.lang.reflect.Constructor.newInstance(Constructor.java:423)
	at org.testng.internal.ObjectFactoryImpl.newInstance(ObjectFactoryImpl.java:23)
	at org.testng.internal.InstanceCreator.instantiateUsingDefaultConstructor(InstanceCreator.java:193)
	at org.testng.internal.InstanceCreator.createInstanceUsingObjectFactory(InstanceCreator.java:113)
	at org.testng.internal.InstanceCreator.createInstance(InstanceCreator.java:79)
	at org.testng.internal.ClassImpl.getDefaultInstance(ClassImpl.java:114)
	at org.testng.internal.ClassImpl.getInstances(ClassImpl.java:172)
	at org.testng.TestClass.getInstances(TestClass.java:102)
	at org.testng.TestClass.initTestClassesAndInstances(TestClass.java:82)
	at org.testng.TestClass.init(TestClass.java:74)
	at org.testng.TestClass.&lt;init&gt;(TestClass.java:39)
	at org.testng.TestRunner.initMethods(TestRunner.java:463)
	at org.testng.TestRunner.init(TestRunner.java:342)
	at org.testng.TestRunner.init(TestRunner.java:295)
	at org.testng.TestRunner.&lt;init&gt;(TestRunner.java:181)
	at org.testng.SuiteRunner$DefaultTestRunnerFactory.newTestRunner(SuiteRunner.java:618)
	at org.testng.SuiteRunner.init(SuiteRunner.java:196)
	at org.testng.SuiteRunner.&lt;init&gt;(SuiteRunner.java:127)
	at org.testng.TestNG.createSuiteRunner(TestNG.java:1265)
	at org.testng.TestNG.createSuiteRunners(TestNG.java:1244)
	at org.testng.TestNG.runSuitesLocally(TestNG.java:1093)
	at org.testng.TestNG.runSuites(TestNG.java:1032)
	at org.testng.TestNG.run(TestNG.java:1000)
	at org.apache.maven.surefire.testng.TestNGExecutor.run(TestNGExecutor.java:283)
	at org.apache.maven.surefire.testng.TestNGXmlTestSuite.execute(TestNGXmlTestSuite.java:75)
	at org.apache.maven.surefire.testng.TestNGProvider.invoke(TestNGProvider.java:120)
	at org.apache.maven.surefire.booter.ForkedBooter.invokeProviderInSameClassLoader(ForkedBooter.java:384)
	at org.apache.maven.surefire.booter.ForkedBooter.runSuitesInProcess(ForkedBooter.java:345)
	at org.apache.maven.surefire.booter.ForkedBooter.execute(ForkedBooter.java:126)
	at org.apache.maven.surefire.booter.ForkedBooter.main(ForkedBooter.java:418)
</stderr>
          <failedSince>4</failedSince>
        </case>
        <case>
          <duration>0.0</duration>
          <className>com.qa.TestPages.LoginpageTest</className>
          <testName>setup</testName>
          <skipped>true</skipped>
          <skippedMessage></skippedMessage>
          <failedSince>0</failedSince>
        </case>
        <case>
          <duration>0.0</duration>
          <className>com.qa.TestPages.LoginpageTest</className>
          <testName>getLoggedIn</testName>
          <skipped>true</skipped>
          <skippedMessage></skippedMessage>
          <failedSince>0</failedSince>
        </case>
        <case>
          <duration>0.0</duration>
          <className>com.qa.TestPages.LoginpageTest</className>
          <testName>tearDown</testName>
          <skipped>true</skipped>
          <skippedMessage></skippedMessage>
          <failedSince>0</failedSince>
        </case>
        <case>
          <duration>0.0</duration>
          <className>com.qa.TestPages.LoginpageTest</className>
          <testName>tearDown</testName>
          <skipped>true</skipped>
          <skippedMessage></skippedMessage>
          <failedSince>0</failedSince>
        </case>
        <case>
          <duration>0.0</duration>
          <className>com.qa.TestPages.LoginpageTest</className>
          <testName>titleCheck</testName>
          <skipped>true</skipped>
          <skippedMessage></skippedMessage>
          <failedSince>0</failedSince>
        </case>
      </cases>
    </suite>
  </suites>
  <duration>0.889</duration>
  <keepLongStdio>false</keepLongStdio>
</result>